2017-03-19 22:40:44 Error: [MissingControllerException] Controller class IndexController could not be found.
Exception Attributes: array (
  'class' => 'IndexController',
  'plugin' => NULL,
)
Request URL: /example-app/index
Stack Trace:
#0 /home/ubuntu/workspace/example-app/webroot/index.php(120): Dispatcher->dispatch(Object(CakeRequest), Object(CakeResponse))
#1 {main}
2017-03-19 22:40:52 Error: [MissingViewException] View file "Posts/index.ctp" is missing.
Exception Attributes: array (
  'file' => 'Posts/index.ctp',
)
Request URL: /example-app/Posts/index
Stack Trace:
#0 /home/ubuntu/workspace/Vendor/cakephp/cakephp/lib/Cake/View/View.php(470): View->_getViewFileName(NULL)
#1 /home/ubuntu/workspace/Vendor/cakephp/cakephp/lib/Cake/Controller/Controller.php(963): View->render(NULL, NULL)
#2 /home/ubuntu/workspace/Vendor/cakephp/cakephp/lib/Cake/Routing/Dispatcher.php(200): Controller->render()
#3 /home/ubuntu/workspace/Vendor/cakephp/cakephp/lib/Cake/Routing/Dispatcher.php(167): Dispatcher->_invoke(Object(PostsController), Object(CakeRequest))
#4 /home/ubuntu/workspace/example-app/webroot/index.php(120): Dispatcher->dispatch(Object(CakeRequest), Object(CakeResponse))
#5 {main}
2017-03-19 22:41:02 Error: [MissingViewException] View file "Posts/index.ctp" is missing.
Exception Attributes: array (
  'file' => 'Posts/index.ctp',
)
Request URL: /example-app/Posts/index
Stack Trace:
#0 /home/ubuntu/workspace/Vendor/cakephp/cakephp/lib/Cake/View/View.php(470): View->_getViewFileName(NULL)
#1 /home/ubuntu/workspace/Vendor/cakephp/cakephp/lib/Cake/Controller/Controller.php(963): View->render(NULL, NULL)
#2 /home/ubuntu/workspace/Vendor/cakephp/cakephp/lib/Cake/Routing/Dispatcher.php(200): Controller->render()
#3 /home/ubuntu/workspace/Vendor/cakephp/cakephp/lib/Cake/Routing/Dispatcher.php(167): Dispatcher->_invoke(Object(PostsController), Object(CakeRequest))
#4 /home/ubuntu/workspace/example-app/webroot/index.php(120): Dispatcher->dispatch(Object(CakeRequest), Object(CakeResponse))
#5 {main}
2017-03-19 22:43:01 Error: [MissingActionException] Action PostsController::view() could not be found.
Exception Attributes: array (
  'controller' => 'PostsController',
  'action' => 'view',
)
Request URL: /example-app/posts/view/1
Stack Trace:
#0 /home/ubuntu/workspace/Vendor/cakephp/cakephp/lib/Cake/Routing/Dispatcher.php(193): Controller->invokeAction(Object(CakeRequest))
#1 /home/ubuntu/workspace/Vendor/cakephp/cakephp/lib/Cake/Routing/Dispatcher.php(167): Dispatcher->_invoke(Object(PostsController), Object(CakeRequest))
#2 /home/ubuntu/workspace/example-app/webroot/index.php(120): Dispatcher->dispatch(Object(CakeRequest), Object(CakeResponse))
#3 {main}
2017-03-19 23:15:05 Error: [MissingActionException] Action PostsController::view() could not be found.
Exception Attributes: array (
  'controller' => 'PostsController',
  'action' => 'view',
)
Request URL: /example-app/posts/view/2
Stack Trace:
#0 /home/ubuntu/workspace/Vendor/cakephp/cakephp/lib/Cake/Routing/Dispatcher.php(193): Controller->invokeAction(Object(CakeRequest))
#1 /home/ubuntu/workspace/Vendor/cakephp/cakephp/lib/Cake/Routing/Dispatcher.php(167): Dispatcher->_invoke(Object(PostsController), Object(CakeRequest))
#2 /home/ubuntu/workspace/example-app/webroot/index.php(120): Dispatcher->dispatch(Object(CakeRequest), Object(CakeResponse))
#3 {main}
2017-03-19 23:15:06 Error: [MissingActionException] Action PostsController::view() could not be found.
Exception Attributes: array (
  'controller' => 'PostsController',
  'action' => 'view',
)
Request URL: /example-app/posts/view/2
Stack Trace:
#0 /home/ubuntu/workspace/Vendor/cakephp/cakephp/lib/Cake/Routing/Dispatcher.php(193): Controller->invokeAction(Object(CakeRequest))
#1 /home/ubuntu/workspace/Vendor/cakephp/cakephp/lib/Cake/Routing/Dispatcher.php(167): Dispatcher->_invoke(Object(PostsController), Object(CakeRequest))
#2 /home/ubuntu/workspace/example-app/webroot/index.php(120): Dispatcher->dispatch(Object(CakeRequest), Object(CakeResponse))
#3 {main}
2017-03-19 23:15:11 Error: [MissingActionException] Action PostsController::view() could not be found.
Exception Attributes: array (
  'controller' => 'PostsController',
  'action' => 'view',
)
Request URL: /example-app/posts/view/1
Stack Trace:
#0 /home/ubuntu/workspace/Vendor/cakephp/cakephp/lib/Cake/Routing/Dispatcher.php(193): Controller->invokeAction(Object(CakeRequest))
#1 /home/ubuntu/workspace/Vendor/cakephp/cakephp/lib/Cake/Routing/Dispatcher.php(167): Dispatcher->_invoke(Object(PostsController), Object(CakeRequest))
#2 /home/ubuntu/workspace/example-app/webroot/index.php(120): Dispatcher->dispatch(Object(CakeRequest), Object(CakeResponse))
#3 {main}
2017-03-19 23:15:17 Error: [MissingActionException] Action PostsController::view() could not be found.
Exception Attributes: array (
  'controller' => 'PostsController',
  'action' => 'view',
)
Request URL: /example-app/posts/view/2
Stack Trace:
#0 /home/ubuntu/workspace/Vendor/cakephp/cakephp/lib/Cake/Routing/Dispatcher.php(193): Controller->invokeAction(Object(CakeRequest))
#1 /home/ubuntu/workspace/Vendor/cakephp/cakephp/lib/Cake/Routing/Dispatcher.php(167): Dispatcher->_invoke(Object(PostsController), Object(CakeRequest))
#2 /home/ubuntu/workspace/example-app/webroot/index.php(120): Dispatcher->dispatch(Object(CakeRequest), Object(CakeResponse))
#3 {main}
2017-03-20 06:48:45 Error: [MissingViewException] View file "Posts/view.ctp" is missing.
Exception Attributes: array (
  'file' => 'Posts/view.ctp',
)
Request URL: /example-app/posts/view/1
Stack Trace:
#0 /home/ubuntu/workspace/Vendor/cakephp/cakephp/lib/Cake/View/View.php(470): View->_getViewFileName(NULL)
#1 /home/ubuntu/workspace/Vendor/cakephp/cakephp/lib/Cake/Controller/Controller.php(963): View->render(NULL, NULL)
#2 /home/ubuntu/workspace/Vendor/cakephp/cakephp/lib/Cake/Routing/Dispatcher.php(200): Controller->render()
#3 /home/ubuntu/workspace/Vendor/cakephp/cakephp/lib/Cake/Routing/Dispatcher.php(167): Dispatcher->_invoke(Object(PostsController), Object(CakeRequest))
#4 /home/ubuntu/workspace/example-app/webroot/index.php(120): Dispatcher->dispatch(Object(CakeRequest), Object(CakeResponse))
#5 {main}
2017-03-20 07:08:02 Error: [MissingActionException] Action PostsController::display() could not be found.
Exception Attributes: array (
  'controller' => 'PostsController',
  'action' => 'display',
)
Request URL: /example-app/
Stack Trace:
#0 /home/ubuntu/workspace/Vendor/cakephp/cakephp/lib/Cake/Routing/Dispatcher.php(193): Controller->invokeAction(Object(CakeRequest))
#1 /home/ubuntu/workspace/Vendor/cakephp/cakephp/lib/Cake/Routing/Dispatcher.php(167): Dispatcher->_invoke(Object(PostsController), Object(CakeRequest))
#2 /home/ubuntu/workspace/example-app/webroot/index.php(120): Dispatcher->dispatch(Object(CakeRequest), Object(CakeResponse))
#3 {main}
2017-03-20 07:09:03 Error: [MissingActionException] Action PostsController::display() could not be found.
Exception Attributes: array (
  'controller' => 'PostsController',
  'action' => 'display',
)
Request URL: /example-app/
Stack Trace:
#0 /home/ubuntu/workspace/Vendor/cakephp/cakephp/lib/Cake/Routing/Dispatcher.php(193): Controller->invokeAction(Object(CakeRequest))
#1 /home/ubuntu/workspace/Vendor/cakephp/cakephp/lib/Cake/Routing/Dispatcher.php(167): Dispatcher->_invoke(Object(PostsController), Object(CakeRequest))
#2 /home/ubuntu/workspace/example-app/webroot/index.php(120): Dispatcher->dispatch(Object(CakeRequest), Object(CakeResponse))
#3 {main}
2017-03-20 07:11:07 Error: [MissingControllerException] Controller class IndexController could not be found.
Exception Attributes: array (
  'class' => 'IndexController',
  'plugin' => NULL,
)
Request URL: /example-app/index
Stack Trace:
#0 /home/ubuntu/workspace/example-app/webroot/index.php(120): Dispatcher->dispatch(Object(CakeRequest), Object(CakeResponse))
#1 {main}
2017-03-20 07:11:39 Error: [MissingViewException] View file "Pages/index.ctp" is missing.
Exception Attributes: array (
  'file' => 'Pages/index.ctp',
)
Request URL: /example-app/
Stack Trace:
#0 /home/ubuntu/workspace/Vendor/cakephp/cakephp/lib/Cake/View/View.php(470): View->_getViewFileName('index')
#1 /home/ubuntu/workspace/Vendor/cakephp/cakephp/lib/Cake/Controller/Controller.php(963): View->render('index', NULL)
#2 /home/ubuntu/workspace/example-app/Controller/PagesController.php(63): Controller->render('index')
#3 [internal function]: PagesController->display('index')
#4 /home/ubuntu/workspace/Vendor/cakephp/cakephp/lib/Cake/Controller/Controller.php(491): ReflectionMethod->invokeArgs(Object(PagesController), Array)
#5 /home/ubuntu/workspace/Vendor/cakephp/cakephp/lib/Cake/Routing/Dispatcher.php(193): Controller->invokeAction(Object(CakeRequest))
#6 /home/ubuntu/workspace/Vendor/cakephp/cakephp/lib/Cake/Routing/Dispatcher.php(167): Dispatcher->_invoke(Object(PagesController), Object(CakeRequest))
#7 /home/ubuntu/workspace/example-app/webroot/index.php(120): Dispatcher->dispatch(Object(CakeRequest), Object(CakeResponse))
#8 {main}
2017-03-20 07:36:24 Error: [MissingControllerException] Controller class AddController could not be found.
Exception Attributes: array (
  'class' => 'AddController',
  'plugin' => NULL,
)
Request URL: /example-app/add
Stack Trace:
#0 /home/ubuntu/workspace/example-app/webroot/index.php(120): Dispatcher->dispatch(Object(CakeRequest), Object(CakeResponse))
#1 {main}
2017-03-20 07:38:37 Error: [MissingControllerException] Controller class AddController could not be found.
Exception Attributes: array (
  'class' => 'AddController',
  'plugin' => NULL,
)
Request URL: /example-app/add
Stack Trace:
#0 /home/ubuntu/workspace/example-app/webroot/index.php(120): Dispatcher->dispatch(Object(CakeRequest), Object(CakeResponse))
#1 {main}
2017-03-20 07:38:39 Error: Fatal Error (4): syntax error, unexpected ';' in [/home/ubuntu/workspace/example-app/View/Posts/index.ctp, line 4]
2017-03-20 07:38:39 Error: [FatalErrorException] syntax error, unexpected ';'
Request URL: /example-app/
Stack Trace:
#0 /home/ubuntu/workspace/Vendor/cakephp/cakephp/lib/Cake/Error/ErrorHandler.php(212): ErrorHandler::handleFatalError(4, 'syntax error, u...', '/home/ubuntu/wo...', 4)
#1 [internal function]: ErrorHandler::handleError(4, 'syntax error, u...', '/home/ubuntu/wo...', 4, Array)
#2 /home/ubuntu/workspace/Vendor/cakephp/cakephp/lib/Cake/Core/App.php(970): call_user_func('ErrorHandler::h...', 4, 'syntax error, u...', '/home/ubuntu/wo...', 4, Array)
#3 /home/ubuntu/workspace/Vendor/cakephp/cakephp/lib/Cake/Core/App.php(943): App::_checkFatalError()
#4 [internal function]: App::shutdown()
#5 {main}
2017-03-20 07:38:48 Error: Fatal Error (4): syntax error, unexpected ';' in [/home/ubuntu/workspace/example-app/View/Posts/index.ctp, line 4]
2017-03-20 07:38:48 Error: [FatalErrorException] syntax error, unexpected ';'
Request URL: /example-app/
Stack Trace:
#0 /home/ubuntu/workspace/Vendor/cakephp/cakephp/lib/Cake/Error/ErrorHandler.php(212): ErrorHandler::handleFatalError(4, 'syntax error, u...', '/home/ubuntu/wo...', 4)
#1 [internal function]: ErrorHandler::handleError(4, 'syntax error, u...', '/home/ubuntu/wo...', 4, Array)
#2 /home/ubuntu/workspace/Vendor/cakephp/cakephp/lib/Cake/Core/App.php(970): call_user_func('ErrorHandler::h...', 4, 'syntax error, u...', '/home/ubuntu/wo...', 4, Array)
#3 /home/ubuntu/workspace/Vendor/cakephp/cakephp/lib/Cake/Core/App.php(943): App::_checkFatalError()
#4 [internal function]: App::shutdown()
#5 {main}
2017-03-20 07:39:02 Error: [MissingHelperException] Helper class FromHelper could not be found.
Exception Attributes: array (
  'class' => 'FromHelper',
  'plugin' => false,
)
Request URL: /example-app/posts/add
Stack Trace:
#0 /home/ubuntu/workspace/Vendor/cakephp/cakephp/lib/Cake/View/HelperCollection.php(63): HelperCollection->load('From')
#1 /home/ubuntu/workspace/Vendor/cakephp/cakephp/lib/Cake/View/View.php(858): HelperCollection->__isset('From')
#2 /home/ubuntu/workspace/example-app/View/Posts/add.ctp(5): View->__get('From')
#3 /home/ubuntu/workspace/Vendor/cakephp/cakephp/lib/Cake/View/View.php(971): include('/home/ubuntu/wo...')
#4 /home/ubuntu/workspace/Vendor/cakephp/cakephp/lib/Cake/View/View.php(933): View->_evaluate('/home/ubuntu/wo...', Array)
#5 /home/ubuntu/workspace/Vendor/cakephp/cakephp/lib/Cake/View/View.php(473): View->_render('/home/ubuntu/wo...')
#6 /home/ubuntu/workspace/Vendor/cakephp/cakephp/lib/Cake/Controller/Controller.php(963): View->render(NULL, NULL)
#7 /home/ubuntu/workspace/Vendor/cakephp/cakephp/lib/Cake/Routing/Dispatcher.php(200): Controller->render()
#8 /home/ubuntu/workspace/Vendor/cakephp/cakephp/lib/Cake/Routing/Dispatcher.php(167): Dispatcher->_invoke(Object(PostsController), Object(CakeRequest))
#9 /home/ubuntu/workspace/example-app/webroot/index.php(120): Dispatcher->dispatch(Object(CakeRequest), Object(CakeResponse))
#10 {main}
2017-03-20 07:42:35 Error: [MissingHelperException] Helper class FromHelper could not be found.
Exception Attributes: array (
  'class' => 'FromHelper',
  'plugin' => false,
)
Request URL: /example-app/posts/add
Stack Trace:
#0 /home/ubuntu/workspace/Vendor/cakephp/cakephp/lib/Cake/View/HelperCollection.php(63): HelperCollection->load('From')
#1 /home/ubuntu/workspace/Vendor/cakephp/cakephp/lib/Cake/View/View.php(858): HelperCollection->__isset('From')
#2 /home/ubuntu/workspace/example-app/View/Posts/add.ctp(5): View->__get('From')
#3 /home/ubuntu/workspace/Vendor/cakephp/cakephp/lib/Cake/View/View.php(971): include('/home/ubuntu/wo...')
#4 /home/ubuntu/workspace/Vendor/cakephp/cakephp/lib/Cake/View/View.php(933): View->_evaluate('/home/ubuntu/wo...', Array)
#5 /home/ubuntu/workspace/Vendor/cakephp/cakephp/lib/Cake/View/View.php(473): View->_render('/home/ubuntu/wo...')
#6 /home/ubuntu/workspace/Vendor/cakephp/cakephp/lib/Cake/Controller/Controller.php(963): View->render(NULL, NULL)
#7 /home/ubuntu/workspace/Vendor/cakephp/cakephp/lib/Cake/Routing/Dispatcher.php(200): Controller->render()
#8 /home/ubuntu/workspace/Vendor/cakephp/cakephp/lib/Cake/Routing/Dispatcher.php(167): Dispatcher->_invoke(Object(PostsController), Object(CakeRequest))
#9 /home/ubuntu/workspace/example-app/webroot/index.php(120): Dispatcher->dispatch(Object(CakeRequest), Object(CakeResponse))
#10 {main}
2017-03-20 08:00:23 Error: Fatal Error (4): syntax error, unexpected end of file, expecting function (T_FUNCTION) in [/home/ubuntu/workspace/example-app/Controller/PostsController.php, line 48]
2017-03-20 08:00:23 Error: [FatalErrorException] syntax error, unexpected end of file, expecting function (T_FUNCTION)
Request URL: /example-app/posts/view/5
Stack Trace:
#0 /home/ubuntu/workspace/Vendor/cakephp/cakephp/lib/Cake/Error/ErrorHandler.php(212): ErrorHandler::handleFatalError(4, 'syntax error, u...', '/home/ubuntu/wo...', 48)
#1 [internal function]: ErrorHandler::handleError(4, 'syntax error, u...', '/home/ubuntu/wo...', 48, Array)
#2 /home/ubuntu/workspace/Vendor/cakephp/cakephp/lib/Cake/Core/App.php(970): call_user_func('ErrorHandler::h...', 4, 'syntax error, u...', '/home/ubuntu/wo...', 48, Array)
#3 /home/ubuntu/workspace/Vendor/cakephp/cakephp/lib/Cake/Core/App.php(943): App::_checkFatalError()
#4 [internal function]: App::shutdown()
#5 {main}
2017-03-20 08:00:25 Error: Fatal Error (4): syntax error, unexpected end of file, expecting function (T_FUNCTION) in [/home/ubuntu/workspace/example-app/Controller/PostsController.php, line 48]
2017-03-20 08:00:25 Error: [FatalErrorException] syntax error, unexpected end of file, expecting function (T_FUNCTION)
Request URL: /example-app/posts/add
Stack Trace:
#0 /home/ubuntu/workspace/Vendor/cakephp/cakephp/lib/Cake/Error/ErrorHandler.php(212): ErrorHandler::handleFatalError(4, 'syntax error, u...', '/home/ubuntu/wo...', 48)
#1 [internal function]: ErrorHandler::handleError(4, 'syntax error, u...', '/home/ubuntu/wo...', 48, Array)
#2 /home/ubuntu/workspace/Vendor/cakephp/cakephp/lib/Cake/Core/App.php(970): call_user_func('ErrorHandler::h...', 4, 'syntax error, u...', '/home/ubuntu/wo...', 48, Array)
#3 /home/ubuntu/workspace/Vendor/cakephp/cakephp/lib/Cake/Core/App.php(943): App::_checkFatalError()
#4 [internal function]: App::shutdown()
#5 {main}
2017-03-20 08:02:39 Error: Fatal Error (4): syntax error, unexpected end of file, expecting function (T_FUNCTION) in [/home/ubuntu/workspace/example-app/Controller/PostsController.php, line 47]
2017-03-20 08:02:39 Error: [FatalErrorException] syntax error, unexpected end of file, expecting function (T_FUNCTION)
Request URL: /example-app/posts/add
Stack Trace:
#0 /home/ubuntu/workspace/Vendor/cakephp/cakephp/lib/Cake/Error/ErrorHandler.php(212): ErrorHandler::handleFatalError(4, 'syntax error, u...', '/home/ubuntu/wo...', 47)
#1 [internal function]: ErrorHandler::handleError(4, 'syntax error, u...', '/home/ubuntu/wo...', 47, Array)
#2 /home/ubuntu/workspace/Vendor/cakephp/cakephp/lib/Cake/Core/App.php(970): call_user_func('ErrorHandler::h...', 4, 'syntax error, u...', '/home/ubuntu/wo...', 47, Array)
#3 /home/ubuntu/workspace/Vendor/cakephp/cakephp/lib/Cake/Core/App.php(943): App::_checkFatalError()
#4 [internal function]: App::shutdown()
#5 {main}
2017-03-20 08:02:43 Error: Fatal Error (4): syntax error, unexpected end of file, expecting function (T_FUNCTION) in [/home/ubuntu/workspace/example-app/Controller/PostsController.php, line 47]
2017-03-20 08:02:43 Error: [FatalErrorException] syntax error, unexpected end of file, expecting function (T_FUNCTION)
Request URL: /example-app/
Stack Trace:
#0 /home/ubuntu/workspace/Vendor/cakephp/cakephp/lib/Cake/Error/ErrorHandler.php(212): ErrorHandler::handleFatalError(4, 'syntax error, u...', '/home/ubuntu/wo...', 47)
#1 [internal function]: ErrorHandler::handleError(4, 'syntax error, u...', '/home/ubuntu/wo...', 47, Array)
#2 /home/ubuntu/workspace/Vendor/cakephp/cakephp/lib/Cake/Core/App.php(970): call_user_func('ErrorHandler::h...', 4, 'syntax error, u...', '/home/ubuntu/wo...', 47, Array)
#3 /home/ubuntu/workspace/Vendor/cakephp/cakephp/lib/Cake/Core/App.php(943): App::_checkFatalError()
#4 [internal function]: App::shutdown()
#5 {main}
2017-03-20 08:03:29 Error: Fatal Error (4): syntax error, unexpected end of file, expecting function (T_FUNCTION) in [/home/ubuntu/workspace/example-app/Controller/PostsController.php, line 44]
2017-03-20 08:03:29 Error: [FatalErrorException] syntax error, unexpected end of file, expecting function (T_FUNCTION)
Request URL: /example-app/
Stack Trace:
#0 /home/ubuntu/workspace/Vendor/cakephp/cakephp/lib/Cake/Error/ErrorHandler.php(212): ErrorHandler::handleFatalError(4, 'syntax error, u...', '/home/ubuntu/wo...', 44)
#1 [internal function]: ErrorHandler::handleError(4, 'syntax error, u...', '/home/ubuntu/wo...', 44, Array)
#2 /home/ubuntu/workspace/Vendor/cakephp/cakephp/lib/Cake/Core/App.php(970): call_user_func('ErrorHandler::h...', 4, 'syntax error, u...', '/home/ubuntu/wo...', 44, Array)
#3 /home/ubuntu/workspace/Vendor/cakephp/cakephp/lib/Cake/Core/App.php(943): App::_checkFatalError()
#4 [internal function]: App::shutdown()
#5 {main}
2017-03-20 08:09:23 Error: Fatal Error (4): syntax error, unexpected ';' in [/home/ubuntu/workspace/example-app/View/Posts/index.ctp, line 28]
2017-03-20 08:09:23 Error: [FatalErrorException] syntax error, unexpected ';'
Request URL: /example-app/
Stack Trace:
#0 /home/ubuntu/workspace/Vendor/cakephp/cakephp/lib/Cake/Error/ErrorHandler.php(212): ErrorHandler::handleFatalError(4, 'syntax error, u...', '/home/ubuntu/wo...', 28)
#1 [internal function]: ErrorHandler::handleError(4, 'syntax error, u...', '/home/ubuntu/wo...', 28, Array)
#2 /home/ubuntu/workspace/Vendor/cakephp/cakephp/lib/Cake/Core/App.php(970): call_user_func('ErrorHandler::h...', 4, 'syntax error, u...', '/home/ubuntu/wo...', 28, Array)
#3 /home/ubuntu/workspace/Vendor/cakephp/cakephp/lib/Cake/Core/App.php(943): App::_checkFatalError()
#4 [internal function]: App::shutdown()
#5 {main}
